[2019-08-18 17:32:45,075][MainThread:20200][task_id:randysun][common.py:37][INFO][---Logger starts it work]
[2019-08-18 17:32:45,075][MainThread:20200][task_id:randysun][common.py:43][INFO][测试一下]
[2019-08-18 17:41:22,492][MainThread:9548][task_id:randysun][common.py:44][INFO][---Logger starts it work]
[2019-08-18 17:41:22,492][MainThread:9548][task_id:randysun][common.py:79][INFO][测试一下]
[2019-08-18 17:41:28,895][MainThread:16692][task_id:randysun][common.py:44][INFO][---Logger starts it work]
[2019-08-18 17:41:28,895][MainThread:16692][task_id:randysun][common.py:79][INFO][测试一下]
[2019-08-18 17:59:17,279][MainThread:23268][task_id:user][common.py:44][INFO][---Logger starts it work]
[2019-08-18 18:02:05,898][MainThread:25484][task_id:user][common.py:44][INFO][---Logger starts it work]
[2019-08-18 18:06:01,158][MainThread:3412][task_id:user][common.py:45][INFO][---Logger starts it work]
[2019-08-18 18:12:44,807][MainThread:22916][task_id:user][common.py:45][INFO][---Logger starts it work]
[2019-08-18 18:13:30,358][MainThread:22916][task_id:user][src.py:48][INFO][randysun注册成功！]
[2019-08-18 18:37:27,131][MainThread:24764][task_id:user][common.py:45][INFO][---Logger starts it work]
[2019-08-18 18:37:51,277][MainThread:24764][task_id:user][src.py:42][INFO][--randysun--登录成功]
[2019-08-18 18:38:06,102][MainThread:4160][task_id:user][common.py:45][INFO][---Logger starts it work]
[2019-08-18 18:38:22,626][MainThread:20680][task_id:user][common.py:45][INFO][---Logger starts it work]
[2019-08-18 18:44:28,871][MainThread:23124][task_id:user][common.py:45][INFO][---Logger starts it work]
[2019-08-18 18:52:46,918][MainThread:28144][task_id:user][common.py:45][INFO][---Logger starts it work]
[2019-08-18 18:53:26,743][MainThread:28528][task_id:user][common.py:45][INFO][---Logger starts it work]
[2019-08-18 18:55:09,741][MainThread:17872][task_id:user][common.py:45][INFO][---Logger starts it work]
[2019-08-18 18:56:09,402][MainThread:28584][task_id:user][common.py:45][INFO][---Logger starts it work]
[2019-08-18 18:57:56,332][MainThread:3556][task_id:user][common.py:45][INFO][---Logger starts it work]
[2019-08-18 18:58:31,049][MainThread:21140][task_id:user][common.py:45][INFO][---Logger starts it work]
[2019-08-18 18:59:05,669][MainThread:21140][task_id:user][src.py:44][INFO][--randysun--登录成功]
[2019-08-18 19:01:03,019][MainThread:27048][task_id:user][common.py:45][INFO][---Logger starts it work]
[2019-08-18 19:13:35,876][MainThread:26008][task_id:user][common.py:45][INFO][---Logger starts it work]
[2019-08-18 19:13:44,268][MainThread:17676][task_id:user][common.py:45][INFO][---Logger starts it work]
[2019-08-18 19:14:00,419][MainThread:17676][task_id:user][src.py:55][INFO][--randysun--登录成功]
[2019-08-18 19:14:00,420][MainThread:17676][task_id:user][src.py:35][INFO][--None--已经注销]
[2019-08-18 19:14:56,941][MainThread:3844][task_id:user][common.py:45][INFO][---Logger starts it work]
[2019-08-18 19:15:05,907][MainThread:3844][task_id:user][src.py:56][INFO][--randysun--登录成功]
[2019-08-18 19:15:05,907][MainThread:3844][task_id:user][src.py:35][INFO][--randysun--已经注销]
[2019-08-18 19:15:24,570][MainThread:23540][task_id:user][common.py:45][INFO][---Logger starts it work]
[2019-08-18 19:15:44,179][MainThread:23540][task_id:user][src.py:56][INFO][--randysun--登录成功]
[2019-08-18 19:15:49,986][MainThread:23540][task_id:user][src.py:35][INFO][--randysun--已经注销]
[2019-08-18 19:16:23,403][MainThread:23540][task_id:user][src.py:56][INFO][--randysun--登录成功]
[2019-08-18 19:18:31,075][MainThread:23540][task_id:user][src.py:82][INFO][--randy--注册成功！
]
[2019-08-18 20:13:35,697][MainThread:12340][task_id:user][common.py:45][INFO][---Logger starts it work]
[2019-08-18 20:13:43,951][MainThread:12340][task_id:user][src.py:57][INFO][--randysun--登录成功]
[2019-08-18 20:15:21,349][MainThread:27556][task_id:user][common.py:45][INFO][---Logger starts it work]
[2019-08-18 20:15:34,231][MainThread:27556][task_id:user][src.py:58][INFO][--randysun--登录成功]
[2019-08-18 20:17:46,119][MainThread:21360][task_id:user][common.py:45][INFO][---Logger starts it work]
[2019-08-18 20:18:06,176][MainThread:21360][task_id:user][src.py:58][INFO][--randysun--登录成功]
[2019-08-18 20:18:06,176][MainThread:21360][task_id:user][src.py:97][INFO][randysun查看余额15000]
[2019-08-18 20:39:41,621][MainThread:7952][task_id:user][common.py:45][INFO][---Logger starts it work]
[2019-08-18 20:39:51,606][MainThread:7952][task_id:user][src.py:59][INFO][--randysun--登录成功]
[2019-08-18 20:41:03,896][MainThread:13284][task_id:user][common.py:45][INFO][---Logger starts it work]
[2019-08-18 20:41:25,399][MainThread:13284][task_id:user][src.py:59][INFO][--randysun--登录成功]
[2019-08-18 20:41:35,231][MainThread:13284][task_id:user][src.py:115][INFO][randysun向randy转了2000]
[2019-08-18 20:42:25,792][MainThread:16896][task_id:user][common.py:45][INFO][---Logger starts it work]
[2019-08-18 20:42:38,336][MainThread:16896][task_id:user][src.py:59][INFO][--randysun--登录成功]
[2019-08-18 20:42:53,860][MainThread:22756][task_id:user][common.py:45][INFO][---Logger starts it work]
[2019-08-18 20:43:07,814][MainThread:22756][task_id:user][src.py:59][INFO][--randysun--登录成功]
[2019-08-18 20:53:24,454][MainThread:28040][task_id:user][common.py:45][INFO][---Logger starts it work]
[2019-08-18 20:53:38,462][MainThread:28040][task_id:user][src.py:59][INFO][--randysun--登录成功]
[2019-08-18 20:53:38,463][MainThread:28040][task_id:user][src.py:143][INFO][randysun还款成功
]
[2019-08-18 20:54:08,220][MainThread:16136][task_id:user][common.py:45][INFO][---Logger starts it work]
[2019-08-18 20:54:26,662][MainThread:16136][task_id:user][src.py:59][INFO][--randysun--登录成功]
[2019-08-18 21:06:18,126][MainThread:26976][task_id:user][common.py:45][INFO][---Logger starts it work]
[2019-08-18 21:06:36,981][MainThread:26976][task_id:user][src.py:59][INFO][--randysun--登录成功]
[2019-08-18 21:06:43,591][MainThread:26976][task_id:user][src.py:165][INFO][randysun取款成功，取款金额为500]
[2019-08-18 21:23:57,011][MainThread:21028][task_id:user][common.py:45][INFO][---Logger starts it work]
[2019-08-18 21:24:17,365][MainThread:21028][task_id:user][src.py:59][INFO][--randysun--登录成功]
[2019-08-18 21:25:03,021][MainThread:7692][task_id:user][common.py:45][INFO][---Logger starts it work]
[2019-08-18 21:25:16,316][MainThread:7692][task_id:user][src.py:59][INFO][--randysun--登录成功]
[2019-08-18 21:25:16,316][MainThread:7692][task_id:user][src.py:177][INFO][randysun查看了日志！]
[2019-08-18 21:56:12,077][MainThread:12696][task_id:user][common.py:45][INFO][---Logger starts it work]
[2019-08-18 21:56:24,323][MainThread:12696][task_id:user][src.py:59][INFO][randysun--登录成功]
[2019-08-18 21:56:24,323][MainThread:12696][task_id:user][src.py:190][INFO][None]
[2019-08-18 21:57:37,948][MainThread:5728][task_id:user][common.py:45][INFO][---Logger starts it work]
[2019-08-18 21:57:38,585][MainThread:26680][task_id:user][common.py:45][INFO][---Logger starts it work]
[2019-08-18 21:57:59,402][MainThread:26680][task_id:user][src.py:60][INFO][randysun--登录成功]
[2019-08-18 22:06:33,222][MainThread:25308][task_id:user][common.py:45][INFO][---Logger starts it work]
[2019-08-18 22:06:50,187][MainThread:25308][task_id:user][src.py:60][INFO][randysun--登录成功]
[2019-08-18 22:07:53,658][MainThread:25308][task_id:user][src.py:191][INFO][您购买的商品为{'tesla': 1} 共消费100]
[2019-08-18 22:24:32,103][MainThread:26660][task_id:user][common.py:45][INFO][---Logger starts it work]
[2019-08-18 22:24:48,353][MainThread:26660][task_id:user][src.py:60][INFO][randysun--登录成功]
[2019-08-18 22:25:15,976][MainThread:26660][task_id:user][src.py:191][INFO][randysun您购买的商品为{'tesla': 1, 'chongqiwawa': 1} 共消费110]
[2019-08-18 22:30:08,824][MainThread:27756][task_id:user][common.py:45][INFO][---Logger starts it work]
[2019-08-18 22:30:25,016][MainThread:27756][task_id:user][src.py:60][INFO][randysun--登录成功]
[2019-08-18 22:30:44,824][MainThread:27756][task_id:user][src.py:191][INFO][randysun您购买的商品为{'tesla': 1} 共消费100
]
[2019-08-18 22:30:55,817][MainThread:27756][task_id:user][src.py:200][INFO][randysun购物成功！-- 购物成功，正在发货，请耐心等待！！]
[2019-08-19 21:26:01,063][MainThread:7448][task_id:user][common.py:45][INFO][---Logger starts it work]
[2019-08-19 21:26:07,195][MainThread:7448][task_id:user][src.py:67][INFO][dsf--用户不存在!
]
